init global config instance failed. If you do not use this, just ignore it.  open conf/app.conf: no such file or directory
2025/06/02 09:59:31 Server is running on http://localhost:8080
2025/06/02 09:59:31.317 [1;34m[I][0m  http server Running on http://:8080
{
	"Name": "redis.dial",
	"SpanContext": {
		"TraceID": "a0283fdd7f051b95b58402bc30f3d2e5",
		"SpanID": "9d687cfab7c92083",
		"TraceFlags": "01",
		"TraceState": "",
		"Remote": false
	},
	"Parent": {
		"TraceID": "a0283fdd7f051b95b58402bc30f3d2e5",
		"SpanID": "6e2e552444618d33",
		"TraceFlags": "01",
		"TraceState": "",
		"Remote": false
	},
	"SpanKind": 3,
	"StartTime": "2025-06-02T09:59:45.137211+05:30",
	"EndTime": "2025-06-02T09:59:45.139842084+05:30",
	"Attributes": [
		{
			"Key": "server.address",
			"Value": {
				"Type": "STRING",
				"Value": "localhost"
			}
		},
		{
			"Key": "server.port",
			"Value": {
				"Type": "INT64",
				"Value": 6379
			}
		},
		{
			"Key": "db.system",
			"Value": {
				"Type": "STRING",
				"Value": "redis"
			}
		},
		{
			"Key": "db.connection_string",
			"Value": {
				"Type": "STRING",
				"Value": "redis://localhost:6379"
			}
		}
	],
	"Events": [
		{
			"Name": "exception",
			"Attributes": [
				{
					"Key": "exception.type",
					"Value": {
						"Type": "STRING",
						"Value": "*net.OpError"
					}
				},
				{
					"Key": "exception.message",
					"Value": {
						"Type": "STRING",
						"Value": "dial tcp [::1]:6379: connect: connection refused"
					}
				}
			],
			"DroppedAttributeCount": 0,
			"Time": "2025-06-02T09:59:45.139841+05:30"
		}
	],
	"Links": null,
	"Status": {
		"Code": "Error",
		"Description": "dial tcp [::1]:6379: connect: connection refused"
	},
	"DroppedAttributes": 0,
	"DroppedEvents": 0,
	"DroppedLinks": 0,
	"ChildSpanCount": 0,
	"Resource": [
		{
			"Key": "deployment.environment",
			"Value": {
				"Type": "STRING",
				"Value": "production"
			}
		},
		{
			"Key": "host.name",
			"Value": {
				"Type": "STRING",
				"Value": "Adityas-MacBook-Pro-3.local"
			}
		},
		{
			"Key": "os.description",
			"Value": {
				"Type": "STRING",
				"Value": "macOS 15.4.1 (24E263) (Darwin Adityas-MacBook-Pro-3.local 24.4.0 Darwin Kernel Version 24.4.0: Fri Apr 11 18:33:47 PDT 2025; root:xnu-11417.101.15~117/RELEASE_ARM64_T6000 arm64)"
			}
		},
		{
			"Key": "os.type",
			"Value": {
				"Type": "STRING",
				"Value": "darwin"
			}
		},
		{
			"Key": "process.command_args",
			"Value": {
				"Type": "STRINGSLICE",
				"Value": [
					"./beegoapp"
				]
			}
		},
		{
			"Key": "process.executable.name",
			"Value": {
				"Type": "STRING",
				"Value": "beegoapp"
			}
		},
		{
			"Key": "process.executable.path",
			"Value": {
				"Type": "STRING",
				"Value": "/Users/prathamesh2_/Projects/opentelemetry-examples/go/beego/beegoapp"
			}
		},
		{
			"Key": "process.owner",
			"Value": {
				"Type": "STRING",
				"Value": "prathamesh2_"
			}
		},
		{
			"Key": "process.pid",
			"Value": {
				"Type": "INT64",
				"Value": 56105
			}
		},
		{
			"Key": "process.runtime.description",
			"Value": {
				"Type": "STRING",
				"Value": "go version go1.24.3 darwin/arm64"
			}
		},
		{
			"Key": "process.runtime.name",
			"Value": {
				"Type": "STRING",
				"Value": "go"
			}
		},
		{
			"Key": "process.runtime.version",
			"Value": {
				"Type": "STRING",
				"Value": "go1.24.3"
			}
		},
		{
			"Key": "service.name",
			"Value": {
				"Type": "STRING",
				"Value": "beego-app"
			}
		},
		{
			"Key": "telemetry.sdk.language",
			"Value": {
				"Type": "STRING",
				"Value": "go"
			}
		},
		{
			"Key": "telemetry.sdk.name",
			"Value": {
				"Type": "STRING",
				"Value": "opentelemetry"
			}
		},
		{
			"Key": "telemetry.sdk.version",
			"Value": {
				"Type": "STRING",
				"Value": "1.36.0"
			}
		}
	],
	"InstrumentationScope": {
		"Name": "github.com/redis/go-redis/extra/redisotel",
		"Version": "semver:9.9.0",
		"SchemaURL": "",
		"Attributes": null
	},
	"InstrumentationLibrary": {
		"Name": "github.com/redis/go-redis/extra/redisotel",
		"Version": "semver:9.9.0",
		"SchemaURL": "",
		"Attributes": null
	}
}
{
	"Name": "redis.dial",
	"SpanContext": {
		"TraceID": "a0283fdd7f051b95b58402bc30f3d2e5",
		"SpanID": "a5fd37ea45235af6",
		"TraceFlags": "01",
		"TraceState": "",
		"Remote": false
	},
	"Parent": {
		"TraceID": "a0283fdd7f051b95b58402bc30f3d2e5",
		"SpanID": "6e2e552444618d33",
		"TraceFlags": "01",
		"TraceState": "",
		"Remote": false
	},
	"SpanKind": 3,
	"StartTime": "2025-06-02T09:59:45.163586+05:30",
	"EndTime": "2025-06-02T09:59:45.1718+05:30",
	"Attributes": [
		{
			"Key": "server.address",
			"Value": {
				"Type": "STRING",
				"Value": "localhost"
			}
		},
		{
			"Key": "server.port",
			"Value": {
				"Type": "INT64",
				"Value": 6379
			}
		},
		{
			"Key": "db.system",
			"Value": {
				"Type": "STRING",
				"Value": "redis"
			}
		},
		{
			"Key": "db.connection_string",
			"Value": {
				"Type": "STRING",
				"Value": "redis://localhost:6379"
			}
		}
	],
	"Events": [
		{
			"Name": "exception",
			"Attributes": [
				{
					"Key": "exception.type",
					"Value": {
						"Type": "STRING",
						"Value": "*net.OpError"
					}
				},
				{
					"Key": "exception.message",
					"Value": {
						"Type": "STRING",
						"Value": "dial tcp [::1]:6379: connect: connection refused"
					}
				}
			],
			"DroppedAttributeCount": 0,
			"Time": "2025-06-02T09:59:45.171799+05:30"
		}
	],
	"Links": null,
	"Status": {
		"Code": "Error",
		"Description": "dial tcp [::1]:6379: connect: connection refused"
	},
	"DroppedAttributes": 0,
	"DroppedEvents": 0,
	"DroppedLinks": 0,
	"ChildSpanCount": 0,
	"Resource": [
		{
			"Key": "deployment.environment",
			"Value": {
				"Type": "STRING",
				"Value": "production"
			}
		},
		{
			"Key": "host.name",
			"Value": {
				"Type": "STRING",
				"Value": "Adityas-MacBook-Pro-3.local"
			}
		},
		{
			"Key": "os.description",
			"Value": {
				"Type": "STRING",
				"Value": "macOS 15.4.1 (24E263) (Darwin Adityas-MacBook-Pro-3.local 24.4.0 Darwin Kernel Version 24.4.0: Fri Apr 11 18:33:47 PDT 2025; root:xnu-11417.101.15~117/RELEASE_ARM64_T6000 arm64)"
			}
		},
		{
			"Key": "os.type",
			"Value": {
				"Type": "STRING",
				"Value": "darwin"
			}
		},
		{
			"Key": "process.command_args",
			"Value": {
				"Type": "STRINGSLICE",
				"Value": [
					"./beegoapp"
				]
			}
		},
		{
			"Key": "process.executable.name",
			"Value": {
				"Type": "STRING",
				"Value": "beegoapp"
			}
		},
		{
			"Key": "process.executable.path",
			"Value": {
				"Type": "STRING",
				"Value": "/Users/prathamesh2_/Projects/opentelemetry-examples/go/beego/beegoapp"
			}
		},
		{
			"Key": "process.owner",
			"Value": {
				"Type": "STRING",
				"Value": "prathamesh2_"
			}
		},
		{
			"Key": "process.pid",
			"Value": {
				"Type": "INT64",
				"Value": 56105
			}
		},
		{
			"Key": "process.runtime.description",
			"Value": {
				"Type": "STRING",
				"Value": "go version go1.24.3 darwin/arm64"
			}
		},
		{
			"Key": "process.runtime.name",
			"Value": {
				"Type": "STRING",
				"Value": "go"
			}
		},
		{
			"Key": "process.runtime.version",
			"Value": {
				"Type": "STRING",
				"Value": "go1.24.3"
			}
		},
		{
			"Key": "service.name",
			"Value": {
				"Type": "STRING",
				"Value": "beego-app"
			}
		},
		{
			"Key": "telemetry.sdk.language",
			"Value": {
				"Type": "STRING",
				"Value": "go"
			}
		},
		{
			"Key": "telemetry.sdk.name",
			"Value": {
				"Type": "STRING",
				"Value": "opentelemetry"
			}
		},
		{
			"Key": "telemetry.sdk.version",
			"Value": {
				"Type": "STRING",
				"Value": "1.36.0"
			}
		}
	],
	"InstrumentationScope": {
		"Name": "github.com/redis/go-redis/extra/redisotel",
		"Version": "semver:9.9.0",
		"SchemaURL": "",
		"Attributes": null
	},
	"InstrumentationLibrary": {
		"Name": "github.com/redis/go-redis/extra/redisotel",
		"Version": "semver:9.9.0",
		"SchemaURL": "",
		"Attributes": null
	}
}
{
	"Name": "redis.dial",
	"SpanContext": {
		"TraceID": "a0283fdd7f051b95b58402bc30f3d2e5",
		"SpanID": "f2325dea970535a2",
		"TraceFlags": "01",
		"TraceState": "",
		"Remote": false
	},
	"Parent": {
		"TraceID": "a0283fdd7f051b95b58402bc30f3d2e5",
		"SpanID": "6e2e552444618d33",
		"TraceFlags": "01",
		"TraceState": "",
		"Remote": false
	},
	"SpanKind": 3,
	"StartTime": "2025-06-02T09:59:45.191523+05:30",
	"EndTime": "2025-06-02T09:59:45.194333875+05:30",
	"Attributes": [
		{
			"Key": "server.address",
			"Value": {
				"Type": "STRING",
				"Value": "localhost"
			}
		},
		{
			"Key": "server.port",
			"Value": {
				"Type": "INT64",
				"Value": 6379
			}
		},
		{
			"Key": "db.system",
			"Value": {
				"Type": "STRING",
				"Value": "redis"
			}
		},
		{
			"Key": "db.connection_string",
			"Value": {
				"Type": "STRING",
				"Value": "redis://localhost:6379"
			}
		}
	],
	"Events": [
		{
			"Name": "exception",
			"Attributes": [
				{
					"Key": "exception.type",
					"Value": {
						"Type": "STRING",
						"Value": "*net.OpError"
					}
				},
				{
					"Key": "exception.message",
					"Value": {
						"Type": "STRING",
						"Value": "dial tcp [::1]:6379: connect: connection refused"
					}
				}
			],
			"DroppedAttributeCount": 0,
			"Time": "2025-06-02T09:59:45.194331+05:30"
		}
	],
	"Links": null,
	"Status": {
		"Code": "Error",
		"Description": "dial tcp [::1]:6379: connect: connection refused"
	},
	"DroppedAttributes": 0,
	"DroppedEvents": 0,
	"DroppedLinks": 0,
	"ChildSpanCount": 0,
	"Resource": [
		{
			"Key": "deployment.environment",
			"Value": {
				"Type": "STRING",
				"Value": "production"
			}
		},
		{
			"Key": "host.name",
			"Value": {
				"Type": "STRING",
				"Value": "Adityas-MacBook-Pro-3.local"
			}
		},
		{
			"Key": "os.description",
			"Value": {
				"Type": "STRING",
				"Value": "macOS 15.4.1 (24E263) (Darwin Adityas-MacBook-Pro-3.local 24.4.0 Darwin Kernel Version 24.4.0: Fri Apr 11 18:33:47 PDT 2025; root:xnu-11417.101.15~117/RELEASE_ARM64_T6000 arm64)"
			}
		},
		{
			"Key": "os.type",
			"Value": {
				"Type": "STRING",
				"Value": "darwin"
			}
		},
		{
			"Key": "process.command_args",
			"Value": {
				"Type": "STRINGSLICE",
				"Value": [
					"./beegoapp"
				]
			}
		},
		{
			"Key": "process.executable.name",
			"Value": {
				"Type": "STRING",
				"Value": "beegoapp"
			}
		},
		{
			"Key": "process.executable.path",
			"Value": {
				"Type": "STRING",
				"Value": "/Users/prathamesh2_/Projects/opentelemetry-examples/go/beego/beegoapp"
			}
		},
		{
			"Key": "process.owner",
			"Value": {
				"Type": "STRING",
				"Value": "prathamesh2_"
			}
		},
		{
			"Key": "process.pid",
			"Value": {
				"Type": "INT64",
				"Value": 56105
			}
		},
		{
			"Key": "process.runtime.description",
			"Value": {
				"Type": "STRING",
				"Value": "go version go1.24.3 darwin/arm64"
			}
		},
		{
			"Key": "process.runtime.name",
			"Value": {
				"Type": "STRING",
				"Value": "go"
			}
		},
		{
			"Key": "process.runtime.version",
			"Value": {
				"Type": "STRING",
				"Value": "go1.24.3"
			}
		},
		{
			"Key": "service.name",
			"Value": {
				"Type": "STRING",
				"Value": "beego-app"
			}
		},
		{
			"Key": "telemetry.sdk.language",
			"Value": {
				"Type": "STRING",
				"Value": "go"
			}
		},
		{
			"Key": "telemetry.sdk.name",
			"Value": {
				"Type": "STRING",
				"Value": "opentelemetry"
			}
		},
		{
			"Key": "telemetry.sdk.version",
			"Value": {
				"Type": "STRING",
				"Value": "1.36.0"
			}
		}
	],
	"InstrumentationScope": {
		"Name": "github.com/redis/go-redis/extra/redisotel",
		"Version": "semver:9.9.0",
		"SchemaURL": "",
		"Attributes": null
	},
	"InstrumentationLibrary": {
		"Name": "github.com/redis/go-redis/extra/redisotel",
		"Version": "semver:9.9.0",
		"SchemaURL": "",
		"Attributes": null
	}
}
{
	"Name": "redis.dial",
	"SpanContext": {
		"TraceID": "a0283fdd7f051b95b58402bc30f3d2e5",
		"SpanID": "5ebc25c552f3b107",
		"TraceFlags": "01",
		"TraceState": "",
		"Remote": false
	},
	"Parent": {
		"TraceID": "a0283fdd7f051b95b58402bc30f3d2e5",
		"SpanID": "6e2e552444618d33",
		"TraceFlags": "01",
		"TraceState": "",
		"Remote": false
	},
	"SpanKind": 3,
	"StartTime": "2025-06-02T09:59:45.222249+05:30",
	"EndTime": "2025-06-02T09:59:45.235475875+05:30",
	"Attributes": [
		{
			"Key": "server.address",
			"Value": {
				"Type": "STRING",
				"Value": "localhost"
			}
		},
		{
			"Key": "server.port",
			"Value": {
				"Type": "INT64",
				"Value": 6379
			}
		},
		{
			"Key": "db.system",
			"Value": {
				"Type": "STRING",
				"Value": "redis"
			}
		},
		{
			"Key": "db.connection_string",
			"Value": {
				"Type": "STRING",
				"Value": "redis://localhost:6379"
			}
		}
	],
	"Events": [
		{
			"Name": "exception",
			"Attributes": [
				{
					"Key": "exception.type",
					"Value": {
						"Type": "STRING",
						"Value": "*net.OpError"
					}
				},
				{
					"Key": "exception.message",
					"Value": {
						"Type": "STRING",
						"Value": "dial tcp [::1]:6379: connect: connection refused"
					}
				}
			],
			"DroppedAttributeCount": 0,
			"Time": "2025-06-02T09:59:45.235474+05:30"
		}
	],
	"Links": null,
	"Status": {
		"Code": "Error",
		"Description": "dial tcp [::1]:6379: connect: connection refused"
	},
	"DroppedAttributes": 0,
	"DroppedEvents": 0,
	"DroppedLinks": 0,
	"ChildSpanCount": 0,
	"Resource": [
		{
			"Key": "deployment.environment",
			"Value": {
				"Type": "STRING",
				"Value": "production"
			}
		},
		{
			"Key": "host.name",
			"Value": {
				"Type": "STRING",
				"Value": "Adityas-MacBook-Pro-3.local"
			}
		},
		{
			"Key": "os.description",
			"Value": {
				"Type": "STRING",
				"Value": "macOS 15.4.1 (24E263) (Darwin Adityas-MacBook-Pro-3.local 24.4.0 Darwin Kernel Version 24.4.0: Fri Apr 11 18:33:47 PDT 2025; root:xnu-11417.101.15~117/RELEASE_ARM64_T6000 arm64)"
			}
		},
		{
			"Key": "os.type",
			"Value": {
				"Type": "STRING",
				"Value": "darwin"
			}
		},
		{
			"Key": "process.command_args",
			"Value": {
				"Type": "STRINGSLICE",
				"Value": [
					"./beegoapp"
				]
			}
		},
		{
			"Key": "process.executable.name",
			"Value": {
				"Type": "STRING",
				"Value": "beegoapp"
			}
		},
		{
			"Key": "process.executable.path",
			"Value": {
				"Type": "STRING",
				"Value": "/Users/prathamesh2_/Projects/opentelemetry-examples/go/beego/beegoapp"
			}
		},
		{
			"Key": "process.owner",
			"Value": {
				"Type": "STRING",
				"Value": "prathamesh2_"
			}
		},
		{
			"Key": "process.pid",
			"Value": {
				"Type": "INT64",
				"Value": 56105
			}
		},
		{
			"Key": "process.runtime.description",
			"Value": {
				"Type": "STRING",
				"Value": "go version go1.24.3 darwin/arm64"
			}
		},
		{
			"Key": "process.runtime.name",
			"Value": {
				"Type": "STRING",
				"Value": "go"
			}
		},
		{
			"Key": "process.runtime.version",
			"Value": {
				"Type": "STRING",
				"Value": "go1.24.3"
			}
		},
		{
			"Key": "service.name",
			"Value": {
				"Type": "STRING",
				"Value": "beego-app"
			}
		},
		{
			"Key": "telemetry.sdk.language",
			"Value": {
				"Type": "STRING",
				"Value": "go"
			}
		},
		{
			"Key": "telemetry.sdk.name",
			"Value": {
				"Type": "STRING",
				"Value": "opentelemetry"
			}
		},
		{
			"Key": "telemetry.sdk.version",
			"Value": {
				"Type": "STRING",
				"Value": "1.36.0"
			}
		}
	],
	"InstrumentationScope": {
		"Name": "github.com/redis/go-redis/extra/redisotel",
		"Version": "semver:9.9.0",
		"SchemaURL": "",
		"Attributes": null
	},
	"InstrumentationLibrary": {
		"Name": "github.com/redis/go-redis/extra/redisotel",
		"Version": "semver:9.9.0",
		"SchemaURL": "",
		"Attributes": null
	}
}
{
	"Name": "get",
	"SpanContext": {
		"TraceID": "a0283fdd7f051b95b58402bc30f3d2e5",
		"SpanID": "6e2e552444618d33",
		"TraceFlags": "01",
		"TraceState": "",
		"Remote": false
	},
	"Parent": {
		"TraceID": "a0283fdd7f051b95b58402bc30f3d2e5",
		"SpanID": "690aa214d723aa89",
		"TraceFlags": "01",
		"TraceState": "",
		"Remote": false
	},
	"SpanKind": 3,
	"StartTime": "2025-06-02T09:59:45.137192+05:30",
	"EndTime": "2025-06-02T09:59:45.2354825+05:30",
	"Attributes": [
		{
			"Key": "server.address",
			"Value": {
				"Type": "STRING",
				"Value": "localhost"
			}
		},
		{
			"Key": "server.port",
			"Value": {
				"Type": "INT64",
				"Value": 6379
			}
		},
		{
			"Key": "db.system",
			"Value": {
				"Type": "STRING",
				"Value": "redis"
			}
		},
		{
			"Key": "db.connection_string",
			"Value": {
				"Type": "STRING",
				"Value": "redis://localhost:6379"
			}
		},
		{
			"Key": "code.function",
			"Value": {
				"Type": "STRING",
				"Value": "users.(*UsersController).GetUsers"
			}
		},
		{
			"Key": "code.filepath",
			"Value": {
				"Type": "STRING",
				"Value": "/Users/prathamesh2_/Projects/opentelemetry-examples/go/beego/users/controller.go"
			}
		},
		{
			"Key": "code.lineno",
			"Value": {
				"Type": "INT64",
				"Value": 62
			}
		},
		{
			"Key": "db.statement",
			"Value": {
				"Type": "STRING",
				"Value": "get users"
			}
		}
	],
	"Events": [
		{
			"Name": "exception",
			"Attributes": [
				{
					"Key": "exception.type",
					"Value": {
						"Type": "STRING",
						"Value": "*net.OpError"
					}
				},
				{
					"Key": "exception.message",
					"Value": {
						"Type": "STRING",
						"Value": "dial tcp [::1]:6379: connect: connection refused"
					}
				}
			],
			"DroppedAttributeCount": 0,
			"Time": "2025-06-02T09:59:45.235483+05:30"
		}
	],
	"Links": null,
	"Status": {
		"Code": "Error",
		"Description": "dial tcp [::1]:6379: connect: connection refused"
	},
	"DroppedAttributes": 0,
	"DroppedEvents": 0,
	"DroppedLinks": 0,
	"ChildSpanCount": 4,
	"Resource": [
		{
			"Key": "deployment.environment",
			"Value": {
				"Type": "STRING",
				"Value": "production"
			}
		},
		{
			"Key": "host.name",
			"Value": {
				"Type": "STRING",
				"Value": "Adityas-MacBook-Pro-3.local"
			}
		},
		{
			"Key": "os.description",
			"Value": {
				"Type": "STRING",
				"Value": "macOS 15.4.1 (24E263) (Darwin Adityas-MacBook-Pro-3.local 24.4.0 Darwin Kernel Version 24.4.0: Fri Apr 11 18:33:47 PDT 2025; root:xnu-11417.101.15~117/RELEASE_ARM64_T6000 arm64)"
			}
		},
		{
			"Key": "os.type",
			"Value": {
				"Type": "STRING",
				"Value": "darwin"
			}
		},
		{
			"Key": "process.command_args",
			"Value": {
				"Type": "STRINGSLICE",
				"Value": [
					"./beegoapp"
				]
			}
		},
		{
			"Key": "process.executable.name",
			"Value": {
				"Type": "STRING",
				"Value": "beegoapp"
			}
		},
		{
			"Key": "process.executable.path",
			"Value": {
				"Type": "STRING",
				"Value": "/Users/prathamesh2_/Projects/opentelemetry-examples/go/beego/beegoapp"
			}
		},
		{
			"Key": "process.owner",
			"Value": {
				"Type": "STRING",
				"Value": "prathamesh2_"
			}
		},
		{
			"Key": "process.pid",
			"Value": {
				"Type": "INT64",
				"Value": 56105
			}
		},
		{
			"Key": "process.runtime.description",
			"Value": {
				"Type": "STRING",
				"Value": "go version go1.24.3 darwin/arm64"
			}
		},
		{
			"Key": "process.runtime.name",
			"Value": {
				"Type": "STRING",
				"Value": "go"
			}
		},
		{
			"Key": "process.runtime.version",
			"Value": {
				"Type": "STRING",
				"Value": "go1.24.3"
			}
		},
		{
			"Key": "service.name",
			"Value": {
				"Type": "STRING",
				"Value": "beego-app"
			}
		},
		{
			"Key": "telemetry.sdk.language",
			"Value": {
				"Type": "STRING",
				"Value": "go"
			}
		},
		{
			"Key": "telemetry.sdk.name",
			"Value": {
				"Type": "STRING",
				"Value": "opentelemetry"
			}
		},
		{
			"Key": "telemetry.sdk.version",
			"Value": {
				"Type": "STRING",
				"Value": "1.36.0"
			}
		}
	],
	"InstrumentationScope": {
		"Name": "github.com/redis/go-redis/extra/redisotel",
		"Version": "semver:9.9.0",
		"SchemaURL": "",
		"Attributes": null
	},
	"InstrumentationLibrary": {
		"Name": "github.com/redis/go-redis/extra/redisotel",
		"Version": "semver:9.9.0",
		"SchemaURL": "",
		"Attributes": null
	}
}
{
	"Name": "sql:query",
	"SpanContext": {
		"TraceID": "a0283fdd7f051b95b58402bc30f3d2e5",
		"SpanID": "305f9bcfc5f99fa7",
		"TraceFlags": "01",
		"TraceState": "",
		"Remote": false
	},
	"Parent": {
		"TraceID": "a0283fdd7f051b95b58402bc30f3d2e5",
		"SpanID": "690aa214d723aa89",
		"TraceFlags": "01",
		"TraceState": "",
		"Remote": false
	},
	"SpanKind": 3,
	"StartTime": "2025-06-02T09:59:45.346741+05:30",
	"EndTime": "2025-06-02T09:59:45.356494+05:30",
	"Attributes": [
		{
			"Key": "db.name",
			"Value": {
				"Type": "STRING",
				"Value": "otel_demo"
			}
		},
		{
			"Key": "db.system",
			"Value": {
				"Type": "STRING",
				"Value": "postgresql"
			}
		},
		{
			"Key": "db.operation",
			"Value": {
				"Type": "STRING",
				"Value": "query"
			}
		},
		{
			"Key": "db.statement",
			"Value": {
				"Type": "STRING",
				"Value": "SELECT id, name, email FROM users"
			}
		}
	],
	"Events": null,
	"Links": null,
	"Status": {
		"Code": "Ok",
		"Description": ""
	},
	"DroppedAttributes": 0,
	"DroppedEvents": 0,
	"DroppedLinks": 0,
	"ChildSpanCount": 0,
	"Resource": [
		{
			"Key": "deployment.environment",
			"Value": {
				"Type": "STRING",
				"Value": "production"
			}
		},
		{
			"Key": "host.name",
			"Value": {
				"Type": "STRING",
				"Value": "Adityas-MacBook-Pro-3.local"
			}
		},
		{
			"Key": "os.description",
			"Value": {
				"Type": "STRING",
				"Value": "macOS 15.4.1 (24E263) (Darwin Adityas-MacBook-Pro-3.local 24.4.0 Darwin Kernel Version 24.4.0: Fri Apr 11 18:33:47 PDT 2025; root:xnu-11417.101.15~117/RELEASE_ARM64_T6000 arm64)"
			}
		},
		{
			"Key": "os.type",
			"Value": {
				"Type": "STRING",
				"Value": "darwin"
			}
		},
		{
			"Key": "process.command_args",
			"Value": {
				"Type": "STRINGSLICE",
				"Value": [
					"./beegoapp"
				]
			}
		},
		{
			"Key": "process.executable.name",
			"Value": {
				"Type": "STRING",
				"Value": "beegoapp"
			}
		},
		{
			"Key": "process.executable.path",
			"Value": {
				"Type": "STRING",
				"Value": "/Users/prathamesh2_/Projects/opentelemetry-examples/go/beego/beegoapp"
			}
		},
		{
			"Key": "process.owner",
			"Value": {
				"Type": "STRING",
				"Value": "prathamesh2_"
			}
		},
		{
			"Key": "process.pid",
			"Value": {
				"Type": "INT64",
				"Value": 56105
			}
		},
		{
			"Key": "process.runtime.description",
			"Value": {
				"Type": "STRING",
				"Value": "go version go1.24.3 darwin/arm64"
			}
		},
		{
			"Key": "process.runtime.name",
			"Value": {
				"Type": "STRING",
				"Value": "go"
			}
		},
		{
			"Key": "process.runtime.version",
			"Value": {
				"Type": "STRING",
				"Value": "go1.24.3"
			}
		},
		{
			"Key": "service.name",
			"Value": {
				"Type": "STRING",
				"Value": "beego-app"
			}
		},
		{
			"Key": "telemetry.sdk.language",
			"Value": {
				"Type": "STRING",
				"Value": "go"
			}
		},
		{
			"Key": "telemetry.sdk.name",
			"Value": {
				"Type": "STRING",
				"Value": "opentelemetry"
			}
		},
		{
			"Key": "telemetry.sdk.version",
			"Value": {
				"Type": "STRING",
				"Value": "1.36.0"
			}
		}
	],
	"InstrumentationScope": {
		"Name": "go.nhat.io/otelsql",
		"Version": "0.14.0",
		"SchemaURL": "https://opentelemetry.io/schemas/1.20.0",
		"Attributes": null
	},
	"InstrumentationLibrary": {
		"Name": "go.nhat.io/otelsql",
		"Version": "0.14.0",
		"SchemaURL": "https://opentelemetry.io/schemas/1.20.0",
		"Attributes": null
	}
}
{
	"Name": "sql:rows_close",
	"SpanContext": {
		"TraceID": "a0283fdd7f051b95b58402bc30f3d2e5",
		"SpanID": "6ea3d022448b07c5",
		"TraceFlags": "01",
		"TraceState": "",
		"Remote": false
	},
	"Parent": {
		"TraceID": "a0283fdd7f051b95b58402bc30f3d2e5",
		"SpanID": "690aa214d723aa89",
		"TraceFlags": "01",
		"TraceState": "",
		"Remote": false
	},
	"SpanKind": 3,
	"StartTime": "2025-06-02T09:59:45.356555+05:30",
	"EndTime": "2025-06-02T09:59:45.356567+05:30",
	"Attributes": [
		{
			"Key": "db.name",
			"Value": {
				"Type": "STRING",
				"Value": "otel_demo"
			}
		},
		{
			"Key": "db.system",
			"Value": {
				"Type": "STRING",
				"Value": "postgresql"
			}
		},
		{
			"Key": "db.operation",
			"Value": {
				"Type": "STRING",
				"Value": "rows_close"
			}
		},
		{
			"Key": "db.sql.rows_next.success_count",
			"Value": {
				"Type": "INT64",
				"Value": 4
			}
		},
		{
			"Key": "db.sql.rows_next.latency_avg",
			"Value": {
				"Type": "STRING",
				"Value": "676ns"
			}
		}
	],
	"Events": null,
	"Links": null,
	"Status": {
		"Code": "Ok",
		"Description": ""
	},
	"DroppedAttributes": 0,
	"DroppedEvents": 0,
	"DroppedLinks": 0,
	"ChildSpanCount": 0,
	"Resource": [
		{
			"Key": "deployment.environment",
			"Value": {
				"Type": "STRING",
				"Value": "production"
			}
		},
		{
			"Key": "host.name",
			"Value": {
				"Type": "STRING",
				"Value": "Adityas-MacBook-Pro-3.local"
			}
		},
		{
			"Key": "os.description",
			"Value": {
				"Type": "STRING",
				"Value": "macOS 15.4.1 (24E263) (Darwin Adityas-MacBook-Pro-3.local 24.4.0 Darwin Kernel Version 24.4.0: Fri Apr 11 18:33:47 PDT 2025; root:xnu-11417.101.15~117/RELEASE_ARM64_T6000 arm64)"
			}
		},
		{
			"Key": "os.type",
			"Value": {
				"Type": "STRING",
				"Value": "darwin"
			}
		},
		{
			"Key": "process.command_args",
			"Value": {
				"Type": "STRINGSLICE",
				"Value": [
					"./beegoapp"
				]
			}
		},
		{
			"Key": "process.executable.name",
			"Value": {
				"Type": "STRING",
				"Value": "beegoapp"
			}
		},
		{
			"Key": "process.executable.path",
			"Value": {
				"Type": "STRING",
				"Value": "/Users/prathamesh2_/Projects/opentelemetry-examples/go/beego/beegoapp"
			}
		},
		{
			"Key": "process.owner",
			"Value": {
				"Type": "STRING",
				"Value": "prathamesh2_"
			}
		},
		{
			"Key": "process.pid",
			"Value": {
				"Type": "INT64",
				"Value": 56105
			}
		},
		{
			"Key": "process.runtime.description",
			"Value": {
				"Type": "STRING",
				"Value": "go version go1.24.3 darwin/arm64"
			}
		},
		{
			"Key": "process.runtime.name",
			"Value": {
				"Type": "STRING",
				"Value": "go"
			}
		},
		{
			"Key": "process.runtime.version",
			"Value": {
				"Type": "STRING",
				"Value": "go1.24.3"
			}
		},
		{
			"Key": "service.name",
			"Value": {
				"Type": "STRING",
				"Value": "beego-app"
			}
		},
		{
			"Key": "telemetry.sdk.language",
			"Value": {
				"Type": "STRING",
				"Value": "go"
			}
		},
		{
			"Key": "telemetry.sdk.name",
			"Value": {
				"Type": "STRING",
				"Value": "opentelemetry"
			}
		},
		{
			"Key": "telemetry.sdk.version",
			"Value": {
				"Type": "STRING",
				"Value": "1.36.0"
			}
		}
	],
	"InstrumentationScope": {
		"Name": "go.nhat.io/otelsql",
		"Version": "0.14.0",
		"SchemaURL": "https://opentelemetry.io/schemas/1.20.0",
		"Attributes": null
	},
	"InstrumentationLibrary": {
		"Name": "go.nhat.io/otelsql",
		"Version": "0.14.0",
		"SchemaURL": "https://opentelemetry.io/schemas/1.20.0",
		"Attributes": null
	}
}
{
	"Name": "redis.dial",
	"SpanContext": {
		"TraceID": "a0283fdd7f051b95b58402bc30f3d2e5",
		"SpanID": "fed8772a6fe8c869",
		"TraceFlags": "01",
		"TraceState": "",
		"Remote": false
	},
	"Parent": {
		"TraceID": "a0283fdd7f051b95b58402bc30f3d2e5",
		"SpanID": "04dfff672db4fdf4",
		"TraceFlags": "01",
		"TraceState": "",
		"Remote": false
	},
	"SpanKind": 3,
	"StartTime": "2025-06-02T09:59:45.356729+05:30",
	"EndTime": "2025-06-02T09:59:45.357533792+05:30",
	"Attributes": [
		{
			"Key": "server.address",
			"Value": {
				"Type": "STRING",
				"Value": "localhost"
			}
		},
		{
			"Key": "server.port",
			"Value": {
				"Type": "INT64",
				"Value": 6379
			}
		},
		{
			"Key": "db.system",
			"Value": {
				"Type": "STRING",
				"Value": "redis"
			}
		},
		{
			"Key": "db.connection_string",
			"Value": {
				"Type": "STRING",
				"Value": "redis://localhost:6379"
			}
		}
	],
	"Events": [
		{
			"Name": "exception",
			"Attributes": [
				{
					"Key": "exception.type",
					"Value": {
						"Type": "STRING",
						"Value": "*net.OpError"
					}
				},
				{
					"Key": "exception.message",
					"Value": {
						"Type": "STRING",
						"Value": "dial tcp [::1]:6379: connect: connection refused"
					}
				}
			],
			"DroppedAttributeCount": 0,
			"Time": "2025-06-02T09:59:45.357532+05:30"
		}
	],
	"Links": null,
	"Status": {
		"Code": "Error",
		"Description": "dial tcp [::1]:6379: connect: connection refused"
	},
	"DroppedAttributes": 0,
	"DroppedEvents": 0,
	"DroppedLinks": 0,
	"ChildSpanCount": 0,
	"Resource": [
		{
			"Key": "deployment.environment",
			"Value": {
				"Type": "STRING",
				"Value": "production"
			}
		},
		{
			"Key": "host.name",
			"Value": {
				"Type": "STRING",
				"Value": "Adityas-MacBook-Pro-3.local"
			}
		},
		{
			"Key": "os.description",
			"Value": {
				"Type": "STRING",
				"Value": "macOS 15.4.1 (24E263) (Darwin Adityas-MacBook-Pro-3.local 24.4.0 Darwin Kernel Version 24.4.0: Fri Apr 11 18:33:47 PDT 2025; root:xnu-11417.101.15~117/RELEASE_ARM64_T6000 arm64)"
			}
		},
		{
			"Key": "os.type",
			"Value": {
				"Type": "STRING",
				"Value": "darwin"
			}
		},
		{
			"Key": "process.command_args",
			"Value": {
				"Type": "STRINGSLICE",
				"Value": [
					"./beegoapp"
				]
			}
		},
		{
			"Key": "process.executable.name",
			"Value": {
				"Type": "STRING",
				"Value": "beegoapp"
			}
		},
		{
			"Key": "process.executable.path",
			"Value": {
				"Type": "STRING",
				"Value": "/Users/prathamesh2_/Projects/opentelemetry-examples/go/beego/beegoapp"
			}
		},
		{
			"Key": "process.owner",
			"Value": {
				"Type": "STRING",
				"Value": "prathamesh2_"
			}
		},
		{
			"Key": "process.pid",
			"Value": {
				"Type": "INT64",
				"Value": 56105
			}
		},
		{
			"Key": "process.runtime.description",
			"Value": {
				"Type": "STRING",
				"Value": "go version go1.24.3 darwin/arm64"
			}
		},
		{
			"Key": "process.runtime.name",
			"Value": {
				"Type": "STRING",
				"Value": "go"
			}
		},
		{
			"Key": "process.runtime.version",
			"Value": {
				"Type": "STRING",
				"Value": "go1.24.3"
			}
		},
		{
			"Key": "service.name",
			"Value": {
				"Type": "STRING",
				"Value": "beego-app"
			}
		},
		{
			"Key": "telemetry.sdk.language",
			"Value": {
				"Type": "STRING",
				"Value": "go"
			}
		},
		{
			"Key": "telemetry.sdk.name",
			"Value": {
				"Type": "STRING",
				"Value": "opentelemetry"
			}
		},
		{
			"Key": "telemetry.sdk.version",
			"Value": {
				"Type": "STRING",
				"Value": "1.36.0"
			}
		}
	],
	"InstrumentationScope": {
		"Name": "github.com/redis/go-redis/extra/redisotel",
		"Version": "semver:9.9.0",
		"SchemaURL": "",
		"Attributes": null
	},
	"InstrumentationLibrary": {
		"Name": "github.com/redis/go-redis/extra/redisotel",
		"Version": "semver:9.9.0",
		"SchemaURL": "",
		"Attributes": null
	}
}
{
	"Name": "redis.dial",
	"SpanContext": {
		"TraceID": "a0283fdd7f051b95b58402bc30f3d2e5",
		"SpanID": "311dc049c1251d49",
		"TraceFlags": "01",
		"TraceState": "",
		"Remote": false
	},
	"Parent": {
		"TraceID": "a0283fdd7f051b95b58402bc30f3d2e5",
		"SpanID": "04dfff672db4fdf4",
		"TraceFlags": "01",
		"TraceState": "",
		"Remote": false
	},
	"SpanKind": 3,
	"StartTime": "2025-06-02T09:59:45.37764+05:30",
	"EndTime": "2025-06-02T09:59:45.379725084+05:30",
	"Attributes": [
		{
			"Key": "server.address",
			"Value": {
				"Type": "STRING",
				"Value": "localhost"
			}
		},
		{
			"Key": "server.port",
			"Value": {
				"Type": "INT64",
				"Value": 6379
			}
		},
		{
			"Key": "db.system",
			"Value": {
				"Type": "STRING",
				"Value": "redis"
			}
		},
		{
			"Key": "db.connection_string",
			"Value": {
				"Type": "STRING",
				"Value": "redis://localhost:6379"
			}
		}
	],
	"Events": [
		{
			"Name": "exception",
			"Attributes": [
				{
					"Key": "exception.type",
					"Value": {
						"Type": "STRING",
						"Value": "*net.OpError"
					}
				},
				{
					"Key": "exception.message",
					"Value": {
						"Type": "STRING",
						"Value": "dial tcp [::1]:6379: connect: connection refused"
					}
				}
			],
			"DroppedAttributeCount": 0,
			"Time": "2025-06-02T09:59:45.379724+05:30"
		}
	],
	"Links": null,
	"Status": {
		"Code": "Error",
		"Description": "dial tcp [::1]:6379: connect: connection refused"
	},
	"DroppedAttributes": 0,
	"DroppedEvents": 0,
	"DroppedLinks": 0,
	"ChildSpanCount": 0,
	"Resource": [
		{
			"Key": "deployment.environment",
			"Value": {
				"Type": "STRING",
				"Value": "production"
			}
		},
		{
			"Key": "host.name",
			"Value": {
				"Type": "STRING",
				"Value": "Adityas-MacBook-Pro-3.local"
			}
		},
		{
			"Key": "os.description",
			"Value": {
				"Type": "STRING",
				"Value": "macOS 15.4.1 (24E263) (Darwin Adityas-MacBook-Pro-3.local 24.4.0 Darwin Kernel Version 24.4.0: Fri Apr 11 18:33:47 PDT 2025; root:xnu-11417.101.15~117/RELEASE_ARM64_T6000 arm64)"
			}
		},
		{
			"Key": "os.type",
			"Value": {
				"Type": "STRING",
				"Value": "darwin"
			}
		},
		{
			"Key": "process.command_args",
			"Value": {
				"Type": "STRINGSLICE",
				"Value": [
					"./beegoapp"
				]
			}
		},
		{
			"Key": "process.executable.name",
			"Value": {
				"Type": "STRING",
				"Value": "beegoapp"
			}
		},
		{
			"Key": "process.executable.path",
			"Value": {
				"Type": "STRING",
				"Value": "/Users/prathamesh2_/Projects/opentelemetry-examples/go/beego/beegoapp"
			}
		},
		{
			"Key": "process.owner",
			"Value": {
				"Type": "STRING",
				"Value": "prathamesh2_"
			}
		},
		{
			"Key": "process.pid",
			"Value": {
				"Type": "INT64",
				"Value": 56105
			}
		},
		{
			"Key": "process.runtime.description",
			"Value": {
				"Type": "STRING",
				"Value": "go version go1.24.3 darwin/arm64"
			}
		},
		{
			"Key": "process.runtime.name",
			"Value": {
				"Type": "STRING",
				"Value": "go"
			}
		},
		{
			"Key": "process.runtime.version",
			"Value": {
				"Type": "STRING",
				"Value": "go1.24.3"
			}
		},
		{
			"Key": "service.name",
			"Value": {
				"Type": "STRING",
				"Value": "beego-app"
			}
		},
		{
			"Key": "telemetry.sdk.language",
			"Value": {
				"Type": "STRING",
				"Value": "go"
			}
		},
		{
			"Key": "telemetry.sdk.name",
			"Value": {
				"Type": "STRING",
				"Value": "opentelemetry"
			}
		},
		{
			"Key": "telemetry.sdk.version",
			"Value": {
				"Type": "STRING",
				"Value": "1.36.0"
			}
		}
	],
	"InstrumentationScope": {
		"Name": "github.com/redis/go-redis/extra/redisotel",
		"Version": "semver:9.9.0",
		"SchemaURL": "",
		"Attributes": null
	},
	"InstrumentationLibrary": {
		"Name": "github.com/redis/go-redis/extra/redisotel",
		"Version": "semver:9.9.0",
		"SchemaURL": "",
		"Attributes": null
	}
}
{
	"Name": "redis.dial",
	"SpanContext": {
		"TraceID": "a0283fdd7f051b95b58402bc30f3d2e5",
		"SpanID": "594c5e866c8fdfd4",
		"TraceFlags": "01",
		"TraceState": "",
		"Remote": false
	},
	"Parent": {
		"TraceID": "a0283fdd7f051b95b58402bc30f3d2e5",
		"SpanID": "04dfff672db4fdf4",
		"TraceFlags": "01",
		"TraceState": "",
		"Remote": false
	},
	"SpanKind": 3,
	"StartTime": "2025-06-02T09:59:45.419319+05:30",
	"EndTime": "2025-06-02T09:59:45.420341375+05:30",
	"Attributes": [
		{
			"Key": "server.address",
			"Value": {
				"Type": "STRING",
				"Value": "localhost"
			}
		},
		{
			"Key": "server.port",
			"Value": {
				"Type": "INT64",
				"Value": 6379
			}
		},
		{
			"Key": "db.system",
			"Value": {
				"Type": "STRING",
				"Value": "redis"
			}
		},
		{
			"Key": "db.connection_string",
			"Value": {
				"Type": "STRING",
				"Value": "redis://localhost:6379"
			}
		}
	],
	"Events": [
		{
			"Name": "exception",
			"Attributes": [
				{
					"Key": "exception.type",
					"Value": {
						"Type": "STRING",
						"Value": "*net.OpError"
					}
				},
				{
					"Key": "exception.message",
					"Value": {
						"Type": "STRING",
						"Value": "dial tcp [::1]:6379: connect: connection refused"
					}
				}
			],
			"DroppedAttributeCount": 0,
			"Time": "2025-06-02T09:59:45.42034+05:30"
		}
	],
	"Links": null,
	"Status": {
		"Code": "Error",
		"Description": "dial tcp [::1]:6379: connect: connection refused"
	},
	"DroppedAttributes": 0,
	"DroppedEvents": 0,
	"DroppedLinks": 0,
	"ChildSpanCount": 0,
	"Resource": [
		{
			"Key": "deployment.environment",
			"Value": {
				"Type": "STRING",
				"Value": "production"
			}
		},
		{
			"Key": "host.name",
			"Value": {
				"Type": "STRING",
				"Value": "Adityas-MacBook-Pro-3.local"
			}
		},
		{
			"Key": "os.description",
			"Value": {
				"Type": "STRING",
				"Value": "macOS 15.4.1 (24E263) (Darwin Adityas-MacBook-Pro-3.local 24.4.0 Darwin Kernel Version 24.4.0: Fri Apr 11 18:33:47 PDT 2025; root:xnu-11417.101.15~117/RELEASE_ARM64_T6000 arm64)"
			}
		},
		{
			"Key": "os.type",
			"Value": {
				"Type": "STRING",
				"Value": "darwin"
			}
		},
		{
			"Key": "process.command_args",
			"Value": {
				"Type": "STRINGSLICE",
				"Value": [
					"./beegoapp"
				]
			}
		},
		{
			"Key": "process.executable.name",
			"Value": {
				"Type": "STRING",
				"Value": "beegoapp"
			}
		},
		{
			"Key": "process.executable.path",
			"Value": {
				"Type": "STRING",
				"Value": "/Users/prathamesh2_/Projects/opentelemetry-examples/go/beego/beegoapp"
			}
		},
		{
			"Key": "process.owner",
			"Value": {
				"Type": "STRING",
				"Value": "prathamesh2_"
			}
		},
		{
			"Key": "process.pid",
			"Value": {
				"Type": "INT64",
				"Value": 56105
			}
		},
		{
			"Key": "process.runtime.description",
			"Value": {
				"Type": "STRING",
				"Value": "go version go1.24.3 darwin/arm64"
			}
		},
		{
			"Key": "process.runtime.name",
			"Value": {
				"Type": "STRING",
				"Value": "go"
			}
		},
		{
			"Key": "process.runtime.version",
			"Value": {
				"Type": "STRING",
				"Value": "go1.24.3"
			}
		},
		{
			"Key": "service.name",
			"Value": {
				"Type": "STRING",
				"Value": "beego-app"
			}
		},
		{
			"Key": "telemetry.sdk.language",
			"Value": {
				"Type": "STRING",
				"Value": "go"
			}
		},
		{
			"Key": "telemetry.sdk.name",
			"Value": {
				"Type": "STRING",
				"Value": "opentelemetry"
			}
		},
		{
			"Key": "telemetry.sdk.version",
			"Value": {
				"Type": "STRING",
				"Value": "1.36.0"
			}
		}
	],
	"InstrumentationScope": {
		"Name": "github.com/redis/go-redis/extra/redisotel",
		"Version": "semver:9.9.0",
		"SchemaURL": "",
		"Attributes": null
	},
	"InstrumentationLibrary": {
		"Name": "github.com/redis/go-redis/extra/redisotel",
		"Version": "semver:9.9.0",
		"SchemaURL": "",
		"Attributes": null
	}
}
{
	"Name": "redis.dial",
	"SpanContext": {
		"TraceID": "a0283fdd7f051b95b58402bc30f3d2e5",
		"SpanID": "f4dbe44ca1d3e5eb",
		"TraceFlags": "01",
		"TraceState": "",
		"Remote": false
	},
	"Parent": {
		"TraceID": "a0283fdd7f051b95b58402bc30f3d2e5",
		"SpanID": "04dfff672db4fdf4",
		"TraceFlags": "01",
		"TraceState": "",
		"Remote": false
	},
	"SpanKind": 3,
	"StartTime": "2025-06-02T09:59:45.434328+05:30",
	"EndTime": "2025-06-02T09:59:45.43512825+05:30",
	"Attributes": [
		{
			"Key": "server.address",
			"Value": {
				"Type": "STRING",
				"Value": "localhost"
			}
		},
		{
			"Key": "server.port",
			"Value": {
				"Type": "INT64",
				"Value": 6379
			}
		},
		{
			"Key": "db.system",
			"Value": {
				"Type": "STRING",
				"Value": "redis"
			}
		},
		{
			"Key": "db.connection_string",
			"Value": {
				"Type": "STRING",
				"Value": "redis://localhost:6379"
			}
		}
	],
	"Events": [
		{
			"Name": "exception",
			"Attributes": [
				{
					"Key": "exception.type",
					"Value": {
						"Type": "STRING",
						"Value": "*net.OpError"
					}
				},
				{
					"Key": "exception.message",
					"Value": {
						"Type": "STRING",
						"Value": "dial tcp [::1]:6379: connect: connection refused"
					}
				}
			],
			"DroppedAttributeCount": 0,
			"Time": "2025-06-02T09:59:45.435127+05:30"
		}
	],
	"Links": null,
	"Status": {
		"Code": "Error",
		"Description": "dial tcp [::1]:6379: connect: connection refused"
	},
	"DroppedAttributes": 0,
	"DroppedEvents": 0,
	"DroppedLinks": 0,
	"ChildSpanCount": 0,
	"Resource": [
		{
			"Key": "deployment.environment",
			"Value": {
				"Type": "STRING",
				"Value": "production"
			}
		},
		{
			"Key": "host.name",
			"Value": {
				"Type": "STRING",
				"Value": "Adityas-MacBook-Pro-3.local"
			}
		},
		{
			"Key": "os.description",
			"Value": {
				"Type": "STRING",
				"Value": "macOS 15.4.1 (24E263) (Darwin Adityas-MacBook-Pro-3.local 24.4.0 Darwin Kernel Version 24.4.0: Fri Apr 11 18:33:47 PDT 2025; root:xnu-11417.101.15~117/RELEASE_ARM64_T6000 arm64)"
			}
		},
		{
			"Key": "os.type",
			"Value": {
				"Type": "STRING",
				"Value": "darwin"
			}
		},
		{
			"Key": "process.command_args",
			"Value": {
				"Type": "STRINGSLICE",
				"Value": [
					"./beegoapp"
				]
			}
		},
		{
			"Key": "process.executable.name",
			"Value": {
				"Type": "STRING",
				"Value": "beegoapp"
			}
		},
		{
			"Key": "process.executable.path",
			"Value": {
				"Type": "STRING",
				"Value": "/Users/prathamesh2_/Projects/opentelemetry-examples/go/beego/beegoapp"
			}
		},
		{
			"Key": "process.owner",
			"Value": {
				"Type": "STRING",
				"Value": "prathamesh2_"
			}
		},
		{
			"Key": "process.pid",
			"Value": {
				"Type": "INT64",
				"Value": 56105
			}
		},
		{
			"Key": "process.runtime.description",
			"Value": {
				"Type": "STRING",
				"Value": "go version go1.24.3 darwin/arm64"
			}
		},
		{
			"Key": "process.runtime.name",
			"Value": {
				"Type": "STRING",
				"Value": "go"
			}
		},
		{
			"Key": "process.runtime.version",
			"Value": {
				"Type": "STRING",
				"Value": "go1.24.3"
			}
		},
		{
			"Key": "service.name",
			"Value": {
				"Type": "STRING",
				"Value": "beego-app"
			}
		},
		{
			"Key": "telemetry.sdk.language",
			"Value": {
				"Type": "STRING",
				"Value": "go"
			}
		},
		{
			"Key": "telemetry.sdk.name",
			"Value": {
				"Type": "STRING",
				"Value": "opentelemetry"
			}
		},
		{
			"Key": "telemetry.sdk.version",
			"Value": {
				"Type": "STRING",
				"Value": "1.36.0"
			}
		}
	],
	"InstrumentationScope": {
		"Name": "github.com/redis/go-redis/extra/redisotel",
		"Version": "semver:9.9.0",
		"SchemaURL": "",
		"Attributes": null
	},
	"InstrumentationLibrary": {
		"Name": "github.com/redis/go-redis/extra/redisotel",
		"Version": "semver:9.9.0",
		"SchemaURL": "",
		"Attributes": null
	}
}
{
	"Name": "set",
	"SpanContext": {
		"TraceID": "a0283fdd7f051b95b58402bc30f3d2e5",
		"SpanID": "04dfff672db4fdf4",
		"TraceFlags": "01",
		"TraceState": "",
		"Remote": false
	},
	"Parent": {
		"TraceID": "a0283fdd7f051b95b58402bc30f3d2e5",
		"SpanID": "690aa214d723aa89",
		"TraceFlags": "01",
		"TraceState": "",
		"Remote": false
	},
	"SpanKind": 3,
	"StartTime": "2025-06-02T09:59:45.356726+05:30",
	"EndTime": "2025-06-02T09:59:45.435141208+05:30",
	"Attributes": [
		{
			"Key": "server.address",
			"Value": {
				"Type": "STRING",
				"Value": "localhost"
			}
		},
		{
			"Key": "server.port",
			"Value": {
				"Type": "INT64",
				"Value": 6379
			}
		},
		{
			"Key": "db.system",
			"Value": {
				"Type": "STRING",
				"Value": "redis"
			}
		},
		{
			"Key": "db.connection_string",
			"Value": {
				"Type": "STRING",
				"Value": "redis://localhost:6379"
			}
		},
		{
			"Key": "code.function",
			"Value": {
				"Type": "STRING",
				"Value": "users.(*UsersController).GetUsers"
			}
		},
		{
			"Key": "code.filepath",
			"Value": {
				"Type": "STRING",
				"Value": "/Users/prathamesh2_/Projects/opentelemetry-examples/go/beego/users/controller.go"
			}
		},
		{
			"Key": "code.lineno",
			"Value": {
				"Type": "INT64",
				"Value": 77
			}
		},
		{
			"Key": "db.statement",
			"Value": {
				"Type": "STRING",
				"Value": "set users 5b7b226964223a223433222c226e616d65223a2247204469657a222c22656d61696c223a22676469657a406578616d706c652e636f6d227d2c7b226964223a223434222c226e616d65223a2247204469657a222c22656d61696c223a22676469657a406578616d706c652e636f6d6d227d2c7b226964223a22343034222c226e616d65223a2247204469657a222c22656d61696c223a22676469657a406578616d706c652e636f6d6d6d6d227d2c7b226964223a2234222c226e616d65223a22506669657a222c22656d61696c223a227064406578616d706c652e636f6d6d6d6d227d5d"
			}
		}
	],
	"Events": [
		{
			"Name": "exception",
			"Attributes": [
				{
					"Key": "exception.type",
					"Value": {
						"Type": "STRING",
						"Value": "*net.OpError"
					}
				},
				{
					"Key": "exception.message",
					"Value": {
						"Type": "STRING",
						"Value": "dial tcp [::1]:6379: connect: connection refused"
					}
				}
			],
			"DroppedAttributeCount": 0,
			"Time": "2025-06-02T09:59:45.435141+05:30"
		}
	],
	"Links": null,
	"Status": {
		"Code": "Error",
		"Description": "dial tcp [::1]:6379: connect: connection refused"
	},
	"DroppedAttributes": 0,
	"DroppedEvents": 0,
	"DroppedLinks": 0,
	"ChildSpanCount": 4,
	"Resource": [
		{
			"Key": "deployment.environment",
			"Value": {
				"Type": "STRING",
				"Value": "production"
			}
		},
		{
			"Key": "host.name",
			"Value": {
				"Type": "STRING",
				"Value": "Adityas-MacBook-Pro-3.local"
			}
		},
		{
			"Key": "os.description",
			"Value": {
				"Type": "STRING",
				"Value": "macOS 15.4.1 (24E263) (Darwin Adityas-MacBook-Pro-3.local 24.4.0 Darwin Kernel Version 24.4.0: Fri Apr 11 18:33:47 PDT 2025; root:xnu-11417.101.15~117/RELEASE_ARM64_T6000 arm64)"
			}
		},
		{
			"Key": "os.type",
			"Value": {
				"Type": "STRING",
				"Value": "darwin"
			}
		},
		{
			"Key": "process.command_args",
			"Value": {
				"Type": "STRINGSLICE",
				"Value": [
					"./beegoapp"
				]
			}
		},
		{
			"Key": "process.executable.name",
			"Value": {
				"Type": "STRING",
				"Value": "beegoapp"
			}
		},
		{
			"Key": "process.executable.path",
			"Value": {
				"Type": "STRING",
				"Value": "/Users/prathamesh2_/Projects/opentelemetry-examples/go/beego/beegoapp"
			}
		},
		{
			"Key": "process.owner",
			"Value": {
				"Type": "STRING",
				"Value": "prathamesh2_"
			}
		},
		{
			"Key": "process.pid",
			"Value": {
				"Type": "INT64",
				"Value": 56105
			}
		},
		{
			"Key": "process.runtime.description",
			"Value": {
				"Type": "STRING",
				"Value": "go version go1.24.3 darwin/arm64"
			}
		},
		{
			"Key": "process.runtime.name",
			"Value": {
				"Type": "STRING",
				"Value": "go"
			}
		},
		{
			"Key": "process.runtime.version",
			"Value": {
				"Type": "STRING",
				"Value": "go1.24.3"
			}
		},
		{
			"Key": "service.name",
			"Value": {
				"Type": "STRING",
				"Value": "beego-app"
			}
		},
		{
			"Key": "telemetry.sdk.language",
			"Value": {
				"Type": "STRING",
				"Value": "go"
			}
		},
		{
			"Key": "telemetry.sdk.name",
			"Value": {
				"Type": "STRING",
				"Value": "opentelemetry"
			}
		},
		{
			"Key": "telemetry.sdk.version",
			"Value": {
				"Type": "STRING",
				"Value": "1.36.0"
			}
		}
	],
	"InstrumentationScope": {
		"Name": "github.com/redis/go-redis/extra/redisotel",
		"Version": "semver:9.9.0",
		"SchemaURL": "",
		"Attributes": null
	},
	"InstrumentationLibrary": {
		"Name": "github.com/redis/go-redis/extra/redisotel",
		"Version": "semver:9.9.0",
		"SchemaURL": "",
		"Attributes": null
	}
}
{
	"Name": "/users",
	"SpanContext": {
		"TraceID": "a0283fdd7f051b95b58402bc30f3d2e5",
		"SpanID": "690aa214d723aa89",
		"TraceFlags": "01",
		"TraceState": "",
		"Remote": false
	},
	"Parent": {
		"TraceID": "00000000000000000000000000000000",
		"SpanID": "0000000000000000",
		"TraceFlags": "00",
		"TraceState": "",
		"Remote": false
	},
	"SpanKind": 2,
	"StartTime": "2025-06-02T09:59:45.136952+05:30",
	"EndTime": "2025-06-02T09:59:45.435191625+05:30",
	"Attributes": [
		{
			"Key": "service.name",
			"Value": {
				"Type": "STRING",
				"Value": "beego-app"
			}
		},
		{
			"Key": "http.request.method",
			"Value": {
				"Type": "STRING",
				"Value": "GET"
			}
		},
		{
			"Key": "http.route",
			"Value": {
				"Type": "STRING",
				"Value": "/users"
			}
		},
		{
			"Key": "url.full",
			"Value": {
				"Type": "STRING",
				"Value": "/users"
			}
		},
		{
			"Key": "url.scheme",
			"Value": {
				"Type": "STRING",
				"Value": ""
			}
		},
		{
			"Key": "user_agent.original",
			"Value": {
				"Type": "STRING",
				"Value": "curl/8.7.1"
			}
		},
		{
			"Key": "server.address",
			"Value": {
				"Type": "STRING",
				"Value": "localhost:8080"
			}
		},
		{
			"Key": "http.response.status_code",
			"Value": {
				"Type": "INT64",
				"Value": 200
			}
		},
		{
			"Key": "otel.debug",
			"Value": {
				"Type": "STRING",
				"Value": "http-root"
			}
		}
	],
	"Events": null,
	"Links": null,
	"Status": {
		"Code": "Ok",
		"Description": ""
	},
	"DroppedAttributes": 0,
	"DroppedEvents": 0,
	"DroppedLinks": 0,
	"ChildSpanCount": 3,
	"Resource": [
		{
			"Key": "deployment.environment",
			"Value": {
				"Type": "STRING",
				"Value": "production"
			}
		},
		{
			"Key": "host.name",
			"Value": {
				"Type": "STRING",
				"Value": "Adityas-MacBook-Pro-3.local"
			}
		},
		{
			"Key": "os.description",
			"Value": {
				"Type": "STRING",
				"Value": "macOS 15.4.1 (24E263) (Darwin Adityas-MacBook-Pro-3.local 24.4.0 Darwin Kernel Version 24.4.0: Fri Apr 11 18:33:47 PDT 2025; root:xnu-11417.101.15~117/RELEASE_ARM64_T6000 arm64)"
			}
		},
		{
			"Key": "os.type",
			"Value": {
				"Type": "STRING",
				"Value": "darwin"
			}
		},
		{
			"Key": "process.command_args",
			"Value": {
				"Type": "STRINGSLICE",
				"Value": [
					"./beegoapp"
				]
			}
		},
		{
			"Key": "process.executable.name",
			"Value": {
				"Type": "STRING",
				"Value": "beegoapp"
			}
		},
		{
			"Key": "process.executable.path",
			"Value": {
				"Type": "STRING",
				"Value": "/Users/prathamesh2_/Projects/opentelemetry-examples/go/beego/beegoapp"
			}
		},
		{
			"Key": "process.owner",
			"Value": {
				"Type": "STRING",
				"Value": "prathamesh2_"
			}
		},
		{
			"Key": "process.pid",
			"Value": {
				"Type": "INT64",
				"Value": 56105
			}
		},
		{
			"Key": "process.runtime.description",
			"Value": {
				"Type": "STRING",
				"Value": "go version go1.24.3 darwin/arm64"
			}
		},
		{
			"Key": "process.runtime.name",
			"Value": {
				"Type": "STRING",
				"Value": "go"
			}
		},
		{
			"Key": "process.runtime.version",
			"Value": {
				"Type": "STRING",
				"Value": "go1.24.3"
			}
		},
		{
			"Key": "service.name",
			"Value": {
				"Type": "STRING",
				"Value": "beego-app"
			}
		},
		{
			"Key": "telemetry.sdk.language",
			"Value": {
				"Type": "STRING",
				"Value": "go"
			}
		},
		{
			"Key": "telemetry.sdk.name",
			"Value": {
				"Type": "STRING",
				"Value": "opentelemetry"
			}
		},
		{
			"Key": "telemetry.sdk.version",
			"Value": {
				"Type": "STRING",
				"Value": "1.36.0"
			}
		}
	],
	"InstrumentationScope": {
		"Name": "beego-app",
		"Version": "",
		"SchemaURL": "",
		"Attributes": null
	},
	"InstrumentationLibrary": {
		"Name": "beego-app",
		"Version": "",
		"SchemaURL": "",
		"Attributes": null
	}
}
2025/06/02 09:59:46 traces export: Post "https://localhost:4318/v1/traces": dial tcp [::1]:4318: connect: connection refused
2025/06/02 10:00:01 failed to insert user: pq: invalid input syntax for type integer: ""
{
	"Name": "sql:prepare",
	"SpanContext": {
		"TraceID": "fbaab19d42db990b08df7509a582e9c1",
		"SpanID": "c1a1d36b77612c82",
		"TraceFlags": "01",
		"TraceState": "",
		"Remote": false
	},
	"Parent": {
		"TraceID": "fbaab19d42db990b08df7509a582e9c1",
		"SpanID": "d2ddb3de5144df1c",
		"TraceFlags": "01",
		"TraceState": "",
		"Remote": false
	},
	"SpanKind": 3,
	"StartTime": "2025-06-02T10:00:01.042937+05:30",
	"EndTime": "2025-06-02T10:00:01.045387+05:30",
	"Attributes": [
		{
			"Key": "db.name",
			"Value": {
				"Type": "STRING",
				"Value": "otel_demo"
			}
		},
		{
			"Key": "db.system",
			"Value": {
				"Type": "STRING",
				"Value": "postgresql"
			}
		},
		{
			"Key": "db.operation",
			"Value": {
				"Type": "STRING",
				"Value": "prepare"
			}
		},
		{
			"Key": "db.statement",
			"Value": {
				"Type": "STRING",
				"Value": "INSERT INTO users (id, name, email) VALUES ($1, $2, $3)"
			}
		}
	],
	"Events": null,
	"Links": null,
	"Status": {
		"Code": "Ok",
		"Description": ""
	},
	"DroppedAttributes": 0,
	"DroppedEvents": 0,
	"DroppedLinks": 0,
	"ChildSpanCount": 0,
	"Resource": [
		{
			"Key": "deployment.environment",
			"Value": {
				"Type": "STRING",
				"Value": "production"
			}
		},
		{
			"Key": "host.name",
			"Value": {
				"Type": "STRING",
				"Value": "Adityas-MacBook-Pro-3.local"
			}
		},
		{
			"Key": "os.description",
			"Value": {
				"Type": "STRING",
				"Value": "macOS 15.4.1 (24E263) (Darwin Adityas-MacBook-Pro-3.local 24.4.0 Darwin Kernel Version 24.4.0: Fri Apr 11 18:33:47 PDT 2025; root:xnu-11417.101.15~117/RELEASE_ARM64_T6000 arm64)"
			}
		},
		{
			"Key": "os.type",
			"Value": {
				"Type": "STRING",
				"Value": "darwin"
			}
		},
		{
			"Key": "process.command_args",
			"Value": {
				"Type": "STRINGSLICE",
				"Value": [
					"./beegoapp"
				]
			}
		},
		{
			"Key": "process.executable.name",
			"Value": {
				"Type": "STRING",
				"Value": "beegoapp"
			}
		},
		{
			"Key": "process.executable.path",
			"Value": {
				"Type": "STRING",
				"Value": "/Users/prathamesh2_/Projects/opentelemetry-examples/go/beego/beegoapp"
			}
		},
		{
			"Key": "process.owner",
			"Value": {
				"Type": "STRING",
				"Value": "prathamesh2_"
			}
		},
		{
			"Key": "process.pid",
			"Value": {
				"Type": "INT64",
				"Value": 56105
			}
		},
		{
			"Key": "process.runtime.description",
			"Value": {
				"Type": "STRING",
				"Value": "go version go1.24.3 darwin/arm64"
			}
		},
		{
			"Key": "process.runtime.name",
			"Value": {
				"Type": "STRING",
				"Value": "go"
			}
		},
		{
			"Key": "process.runtime.version",
			"Value": {
				"Type": "STRING",
				"Value": "go1.24.3"
			}
		},
		{
			"Key": "service.name",
			"Value": {
				"Type": "STRING",
				"Value": "beego-app"
			}
		},
		{
			"Key": "telemetry.sdk.language",
			"Value": {
				"Type": "STRING",
				"Value": "go"
			}
		},
		{
			"Key": "telemetry.sdk.name",
			"Value": {
				"Type": "STRING",
				"Value": "opentelemetry"
			}
		},
		{
			"Key": "telemetry.sdk.version",
			"Value": {
				"Type": "STRING",
				"Value": "1.36.0"
			}
		}
	],
	"InstrumentationScope": {
		"Name": "go.nhat.io/otelsql",
		"Version": "0.14.0",
		"SchemaURL": "https://opentelemetry.io/schemas/1.20.0",
		"Attributes": null
	},
	"InstrumentationLibrary": {
		"Name": "go.nhat.io/otelsql",
		"Version": "0.14.0",
		"SchemaURL": "https://opentelemetry.io/schemas/1.20.0",
		"Attributes": null
	}
}
{
	"Name": "sql:exec",
	"SpanContext": {
		"TraceID": "fbaab19d42db990b08df7509a582e9c1",
		"SpanID": "1c9345383a5be95d",
		"TraceFlags": "01",
		"TraceState": "",
		"Remote": false
	},
	"Parent": {
		"TraceID": "fbaab19d42db990b08df7509a582e9c1",
		"SpanID": "d2ddb3de5144df1c",
		"TraceFlags": "01",
		"TraceState": "",
		"Remote": false
	},
	"SpanKind": 3,
	"StartTime": "2025-06-02T10:00:01.045457+05:30",
	"EndTime": "2025-06-02T10:00:01.047211+05:30",
	"Attributes": [
		{
			"Key": "db.name",
			"Value": {
				"Type": "STRING",
				"Value": "otel_demo"
			}
		},
		{
			"Key": "db.system",
			"Value": {
				"Type": "STRING",
				"Value": "postgresql"
			}
		},
		{
			"Key": "db.operation",
			"Value": {
				"Type": "STRING",
				"Value": "exec"
			}
		},
		{
			"Key": "db.statement",
			"Value": {
				"Type": "STRING",
				"Value": "INSERT INTO users (id, name, email) VALUES ($1, $2, $3)"
			}
		}
	],
	"Events": [
		{
			"Name": "exception",
			"Attributes": [
				{
					"Key": "exception.type",
					"Value": {
						"Type": "STRING",
						"Value": "*pq.Error"
					}
				},
				{
					"Key": "exception.message",
					"Value": {
						"Type": "STRING",
						"Value": "pq: invalid input syntax for type integer: \"\""
					}
				}
			],
			"DroppedAttributeCount": 0,
			"Time": "2025-06-02T10:00:01.047203+05:30"
		}
	],
	"Links": null,
	"Status": {
		"Code": "Error",
		"Description": "pq: invalid input syntax for type integer: \"\""
	},
	"DroppedAttributes": 0,
	"DroppedEvents": 0,
	"DroppedLinks": 0,
	"ChildSpanCount": 0,
	"Resource": [
		{
			"Key": "deployment.environment",
			"Value": {
				"Type": "STRING",
				"Value": "production"
			}
		},
		{
			"Key": "host.name",
			"Value": {
				"Type": "STRING",
				"Value": "Adityas-MacBook-Pro-3.local"
			}
		},
		{
			"Key": "os.description",
			"Value": {
				"Type": "STRING",
				"Value": "macOS 15.4.1 (24E263) (Darwin Adityas-MacBook-Pro-3.local 24.4.0 Darwin Kernel Version 24.4.0: Fri Apr 11 18:33:47 PDT 2025; root:xnu-11417.101.15~117/RELEASE_ARM64_T6000 arm64)"
			}
		},
		{
			"Key": "os.type",
			"Value": {
				"Type": "STRING",
				"Value": "darwin"
			}
		},
		{
			"Key": "process.command_args",
			"Value": {
				"Type": "STRINGSLICE",
				"Value": [
					"./beegoapp"
				]
			}
		},
		{
			"Key": "process.executable.name",
			"Value": {
				"Type": "STRING",
				"Value": "beegoapp"
			}
		},
		{
			"Key": "process.executable.path",
			"Value": {
				"Type": "STRING",
				"Value": "/Users/prathamesh2_/Projects/opentelemetry-examples/go/beego/beegoapp"
			}
		},
		{
			"Key": "process.owner",
			"Value": {
				"Type": "STRING",
				"Value": "prathamesh2_"
			}
		},
		{
			"Key": "process.pid",
			"Value": {
				"Type": "INT64",
				"Value": 56105
			}
		},
		{
			"Key": "process.runtime.description",
			"Value": {
				"Type": "STRING",
				"Value": "go version go1.24.3 darwin/arm64"
			}
		},
		{
			"Key": "process.runtime.name",
			"Value": {
				"Type": "STRING",
				"Value": "go"
			}
		},
		{
			"Key": "process.runtime.version",
			"Value": {
				"Type": "STRING",
				"Value": "go1.24.3"
			}
		},
		{
			"Key": "service.name",
			"Value": {
				"Type": "STRING",
				"Value": "beego-app"
			}
		},
		{
			"Key": "telemetry.sdk.language",
			"Value": {
				"Type": "STRING",
				"Value": "go"
			}
		},
		{
			"Key": "telemetry.sdk.name",
			"Value": {
				"Type": "STRING",
				"Value": "opentelemetry"
			}
		},
		{
			"Key": "telemetry.sdk.version",
			"Value": {
				"Type": "STRING",
				"Value": "1.36.0"
			}
		}
	],
	"InstrumentationScope": {
		"Name": "go.nhat.io/otelsql",
		"Version": "0.14.0",
		"SchemaURL": "https://opentelemetry.io/schemas/1.20.0",
		"Attributes": null
	},
	"InstrumentationLibrary": {
		"Name": "go.nhat.io/otelsql",
		"Version": "0.14.0",
		"SchemaURL": "https://opentelemetry.io/schemas/1.20.0",
		"Attributes": null
	}
}
{
	"Name": "/users",
	"SpanContext": {
		"TraceID": "fbaab19d42db990b08df7509a582e9c1",
		"SpanID": "d2ddb3de5144df1c",
		"TraceFlags": "01",
		"TraceState": "",
		"Remote": false
	},
	"Parent": {
		"TraceID": "00000000000000000000000000000000",
		"SpanID": "0000000000000000",
		"TraceFlags": "00",
		"TraceState": "",
		"Remote": false
	},
	"SpanKind": 2,
	"StartTime": "2025-06-02T10:00:00.991957+05:30",
	"EndTime": "2025-06-02T10:00:01.047555167+05:30",
	"Attributes": [
		{
			"Key": "service.name",
			"Value": {
				"Type": "STRING",
				"Value": "beego-app"
			}
		},
		{
			"Key": "http.request.method",
			"Value": {
				"Type": "STRING",
				"Value": "POST"
			}
		},
		{
			"Key": "http.route",
			"Value": {
				"Type": "STRING",
				"Value": "/users"
			}
		},
		{
			"Key": "url.full",
			"Value": {
				"Type": "STRING",
				"Value": "/users"
			}
		},
		{
			"Key": "url.scheme",
			"Value": {
				"Type": "STRING",
				"Value": ""
			}
		},
		{
			"Key": "user_agent.original",
			"Value": {
				"Type": "STRING",
				"Value": "curl/8.7.1"
			}
		},
		{
			"Key": "server.address",
			"Value": {
				"Type": "STRING",
				"Value": "localhost:8080"
			}
		},
		{
			"Key": "http.response.status_code",
			"Value": {
				"Type": "INT64",
				"Value": 500
			}
		},
		{
			"Key": "otel.debug",
			"Value": {
				"Type": "STRING",
				"Value": "http-root"
			}
		}
	],
	"Events": null,
	"Links": null,
	"Status": {
		"Code": "Error",
		"Description": "Internal Server Error"
	},
	"DroppedAttributes": 0,
	"DroppedEvents": 0,
	"DroppedLinks": 0,
	"ChildSpanCount": 2,
	"Resource": [
		{
			"Key": "deployment.environment",
			"Value": {
				"Type": "STRING",
				"Value": "production"
			}
		},
		{
			"Key": "host.name",
			"Value": {
				"Type": "STRING",
				"Value": "Adityas-MacBook-Pro-3.local"
			}
		},
		{
			"Key": "os.description",
			"Value": {
				"Type": "STRING",
				"Value": "macOS 15.4.1 (24E263) (Darwin Adityas-MacBook-Pro-3.local 24.4.0 Darwin Kernel Version 24.4.0: Fri Apr 11 18:33:47 PDT 2025; root:xnu-11417.101.15~117/RELEASE_ARM64_T6000 arm64)"
			}
		},
		{
			"Key": "os.type",
			"Value": {
				"Type": "STRING",
				"Value": "darwin"
			}
		},
		{
			"Key": "process.command_args",
			"Value": {
				"Type": "STRINGSLICE",
				"Value": [
					"./beegoapp"
				]
			}
		},
		{
			"Key": "process.executable.name",
			"Value": {
				"Type": "STRING",
				"Value": "beegoapp"
			}
		},
		{
			"Key": "process.executable.path",
			"Value": {
				"Type": "STRING",
				"Value": "/Users/prathamesh2_/Projects/opentelemetry-examples/go/beego/beegoapp"
			}
		},
		{
			"Key": "process.owner",
			"Value": {
				"Type": "STRING",
				"Value": "prathamesh2_"
			}
		},
		{
			"Key": "process.pid",
			"Value": {
				"Type": "INT64",
				"Value": 56105
			}
		},
		{
			"Key": "process.runtime.description",
			"Value": {
				"Type": "STRING",
				"Value": "go version go1.24.3 darwin/arm64"
			}
		},
		{
			"Key": "process.runtime.name",
			"Value": {
				"Type": "STRING",
				"Value": "go"
			}
		},
		{
			"Key": "process.runtime.version",
			"Value": {
				"Type": "STRING",
				"Value": "go1.24.3"
			}
		},
		{
			"Key": "service.name",
			"Value": {
				"Type": "STRING",
				"Value": "beego-app"
			}
		},
		{
			"Key": "telemetry.sdk.language",
			"Value": {
				"Type": "STRING",
				"Value": "go"
			}
		},
		{
			"Key": "telemetry.sdk.name",
			"Value": {
				"Type": "STRING",
				"Value": "opentelemetry"
			}
		},
		{
			"Key": "telemetry.sdk.version",
			"Value": {
				"Type": "STRING",
				"Value": "1.36.0"
			}
		}
	],
	"InstrumentationScope": {
		"Name": "beego-app",
		"Version": "",
		"SchemaURL": "",
		"Attributes": null
	},
	"InstrumentationLibrary": {
		"Name": "beego-app",
		"Version": "",
		"SchemaURL": "",
		"Attributes": null
	}
}
2025/06/02 10:00:01 traces export: Post "https://localhost:4318/v1/traces": dial tcp [::1]:4318: connect: connection refused
2025/06/02 10:00:16 traces export: Post "https://localhost:4318/v1/traces": dial tcp [::1]:4318: connect: connection refused
{
	"Name": "/joke",
	"SpanContext": {
		"TraceID": "54e083491f3021fc0d24e00ddad7d1da",
		"SpanID": "0cef1510a96f8ee4",
		"TraceFlags": "01",
		"TraceState": "",
		"Remote": false
	},
	"Parent": {
		"TraceID": "00000000000000000000000000000000",
		"SpanID": "0000000000000000",
		"TraceFlags": "00",
		"TraceState": "",
		"Remote": false
	},
	"SpanKind": 2,
	"StartTime": "2025-06-02T10:00:15.127586+05:30",
	"EndTime": "2025-06-02T10:00:15.436960375+05:30",
	"Attributes": [
		{
			"Key": "service.name",
			"Value": {
				"Type": "STRING",
				"Value": "beego-app"
			}
		},
		{
			"Key": "http.request.method",
			"Value": {
				"Type": "STRING",
				"Value": "GET"
			}
		},
		{
			"Key": "http.route",
			"Value": {
				"Type": "STRING",
				"Value": "/joke"
			}
		},
		{
			"Key": "url.full",
			"Value": {
				"Type": "STRING",
				"Value": "/joke"
			}
		},
		{
			"Key": "url.scheme",
			"Value": {
				"Type": "STRING",
				"Value": ""
			}
		},
		{
			"Key": "user_agent.original",
			"Value": {
				"Type": "STRING",
				"Value": "curl/8.7.1"
			}
		},
		{
			"Key": "server.address",
			"Value": {
				"Type": "STRING",
				"Value": "localhost:8080"
			}
		},
		{
			"Key": "http.response.status_code",
			"Value": {
				"Type": "INT64",
				"Value": 0
			}
		},
		{
			"Key": "otel.debug",
			"Value": {
				"Type": "STRING",
				"Value": "http-root"
			}
		}
	],
	"Events": null,
	"Links": null,
	"Status": {
		"Code": "Error",
		"Description": ""
	},
	"DroppedAttributes": 0,
	"DroppedEvents": 0,
	"DroppedLinks": 0,
	"ChildSpanCount": 0,
	"Resource": [
		{
			"Key": "deployment.environment",
			"Value": {
				"Type": "STRING",
				"Value": "production"
			}
		},
		{
			"Key": "host.name",
			"Value": {
				"Type": "STRING",
				"Value": "Adityas-MacBook-Pro-3.local"
			}
		},
		{
			"Key": "os.description",
			"Value": {
				"Type": "STRING",
				"Value": "macOS 15.4.1 (24E263) (Darwin Adityas-MacBook-Pro-3.local 24.4.0 Darwin Kernel Version 24.4.0: Fri Apr 11 18:33:47 PDT 2025; root:xnu-11417.101.15~117/RELEASE_ARM64_T6000 arm64)"
			}
		},
		{
			"Key": "os.type",
			"Value": {
				"Type": "STRING",
				"Value": "darwin"
			}
		},
		{
			"Key": "process.command_args",
			"Value": {
				"Type": "STRINGSLICE",
				"Value": [
					"./beegoapp"
				]
			}
		},
		{
			"Key": "process.executable.name",
			"Value": {
				"Type": "STRING",
				"Value": "beegoapp"
			}
		},
		{
			"Key": "process.executable.path",
			"Value": {
				"Type": "STRING",
				"Value": "/Users/prathamesh2_/Projects/opentelemetry-examples/go/beego/beegoapp"
			}
		},
		{
			"Key": "process.owner",
			"Value": {
				"Type": "STRING",
				"Value": "prathamesh2_"
			}
		},
		{
			"Key": "process.pid",
			"Value": {
				"Type": "INT64",
				"Value": 56105
			}
		},
		{
			"Key": "process.runtime.description",
			"Value": {
				"Type": "STRING",
				"Value": "go version go1.24.3 darwin/arm64"
			}
		},
		{
			"Key": "process.runtime.name",
			"Value": {
				"Type": "STRING",
				"Value": "go"
			}
		},
		{
			"Key": "process.runtime.version",
			"Value": {
				"Type": "STRING",
				"Value": "go1.24.3"
			}
		},
		{
			"Key": "service.name",
			"Value": {
				"Type": "STRING",
				"Value": "beego-app"
			}
		},
		{
			"Key": "telemetry.sdk.language",
			"Value": {
				"Type": "STRING",
				"Value": "go"
			}
		},
		{
			"Key": "telemetry.sdk.name",
			"Value": {
				"Type": "STRING",
				"Value": "opentelemetry"
			}
		},
		{
			"Key": "telemetry.sdk.version",
			"Value": {
				"Type": "STRING",
				"Value": "1.36.0"
			}
		}
	],
	"InstrumentationScope": {
		"Name": "beego-app",
		"Version": "",
		"SchemaURL": "",
		"Attributes": null
	},
	"InstrumentationLibrary": {
		"Name": "beego-app",
		"Version": "",
		"SchemaURL": "",
		"Attributes": null
	}
}
